{
  "pipeline_name": "lineage_pipeline_test",
  "pipeline_layer": null,
  "run_id": "20260118_115606",
  "started_at": "2026-01-18T11:56:06.704081",
  "completed_at": "2026-01-18T11:56:06.786592",
  "duration": 0.08251142501831055,
  "total_nodes": 1,
  "completed_nodes": 0,
  "failed_nodes": 1,
  "skipped_nodes": 0,
  "success_rate": 0.0,
  "total_rows_processed": 0,
  "nodes": [
    {
      "node_name": "source_csv",
      "operation": "transform",
      "status": "failed",
      "duration": 0.03950762748718262,
      "rows_in": null,
      "rows_out": null,
      "rows_written": null,
      "rows_change": null,
      "rows_change_pct": null,
      "sample_in": null,
      "sample_data": null,
      "schema_in": null,
      "schema_out": null,
      "columns_added": [],
      "columns_removed": [],
      "error_message": "[X] Node execution failed: source_csv\n  Location: D:\\odibi\\examples\\test_lineage_pipeline.yaml\n\n  Error: [Errno 2] No such file or directory: 'D:\\\\odibi\\\\examples\\\\data\\\\input.csv'\n  Type: FileNotFoundError",
      "error_type": "NodeExecutionError",
      "error_traceback": null,
      "error_traceback_cleaned": null,
      "validation_warnings": [],
      "execution_steps": [],
      "failed_rows_samples": {},
      "failed_rows_counts": {},
      "failed_rows_truncated": false,
      "truncated_validations": [],
      "retry_history": [
        {
          "attempt": 1,
          "success": false,
          "error": "[X] Node execution failed: source_csv\n  Location: D:\\odibi\\examples\\test_lineage_pipeline.yaml\n\n  Error: [Errno 2] No such file or directory: 'D:\\\\odibi\\\\examples\\\\data\\\\input.csv'\n  Type: FileNotFoundError",
          "error_type": "NodeExecutionError",
          "error_traceback": "Traceback (most recent call last):\n  File \"d:\\odibi\\odibi\\node.py\", line 236, in execute\n    input_dataframes = self._execute_inputs_phase(\n                       ^^^^^^^^^^^^^^^^^^^^^^^^^^^\n  File \"d:\\odibi\\odibi\\node.py\", line 708, in _execute_inputs_phase\n    df = self.engine.read(\n         ^^^^^^^^^^^^^^^^^\n  File \"d:\\odibi\\odibi\\engine\\pandas_engine.py\", line 636, in read\n    result = self._read_file(full_path, format, merged_options, connection)\n             ^^^^^^^^^^^^^^^^^^^^^^^^^^^^^^^^^^^^^^^^^^^^^^^^^^^^^^^^^^^^^^\n  File \"d:\\odibi\\odibi\\engine\\pandas_engine.py\", line 774, in _read_file\n    df = pd.read_csv(full_path, **read_kwargs)\n         ^^^^^^^^^^^^^^^^^^^^^^^^^^^^^^^^^^^^^\n  File \"C:\\Users\\henry\\AppData\\Roaming\\Python\\Python312\\site-packages\\pandas\\io\\parsers\\readers.py\", line 948, in read_csv\n    return _read(filepath_or_buffer, kwds)\n           ^^^^^^^^^^^^^^^^^^^^^^^^^^^^^^^\n  File \"C:\\Users\\henry\\AppData\\Roaming\\Python\\Python312\\site-packages\\pandas\\io\\parsers\\readers.py\", line 611, in _read\n    parser = TextFileReader(filepath_or_buffer, **kwds)\n             ^^^^^^^^^^^^^^^^^^^^^^^^^^^^^^^^^^^^^^^^^^\n  File \"C:\\Users\\henry\\AppData\\Roaming\\Python\\Python312\\site-packages\\pandas\\io\\parsers\\readers.py\", line 1448, in __init__\n    self._engine = self._make_engine(f, self.engine)\n                   ^^^^^^^^^^^^^^^^^^^^^^^^^^^^^^^^^\n  File \"C:\\Users\\henry\\AppData\\Roaming\\Python\\Python312\\site-packages\\pandas\\io\\parsers\\readers.py\", line 1705, in _make_engine\n    self.handles = get_handle(\n                   ^^^^^^^^^^^\n  File \"C:\\Users\\henry\\AppData\\Roaming\\Python\\Python312\\site-packages\\pandas\\io\\common.py\", line 863, in get_handle\n    handle = open(\n             ^^^^^\nFileNotFoundError: [Errno 2] No such file or directory: 'D:\\\\odibi\\\\examples\\\\data\\\\input.csv'",
          "duration": 0.035
        },
        {
          "attempt": 2,
          "success": false,
          "error": "[X] Node execution failed: source_csv\n  Location: D:\\odibi\\examples\\test_lineage_pipeline.yaml\n\n  Error: [Errno 2] No such file or directory: 'D:\\\\odibi\\\\examples\\\\data\\\\input.csv'\n  Type: FileNotFoundError",
          "error_type": "NodeExecutionError",
          "error_traceback": "Traceback (most recent call last):\n  File \"d:\\odibi\\odibi\\node.py\", line 236, in execute\n    input_dataframes = self._execute_inputs_phase(\n                       ^^^^^^^^^^^^^^^^^^^^^^^^^^^\n  File \"d:\\odibi\\odibi\\node.py\", line 708, in _execute_inputs_phase\n    df = self.engine.read(\n         ^^^^^^^^^^^^^^^^^\n  File \"d:\\odibi\\odibi\\engine\\pandas_engine.py\", line 636, in read\n    result = self._read_file(full_path, format, merged_options, connection)\n             ^^^^^^^^^^^^^^^^^^^^^^^^^^^^^^^^^^^^^^^^^^^^^^^^^^^^^^^^^^^^^^\n  File \"d:\\odibi\\odibi\\engine\\pandas_engine.py\", line 774, in _read_file\n    df = pd.read_csv(full_path, **read_kwargs)\n         ^^^^^^^^^^^^^^^^^^^^^^^^^^^^^^^^^^^^^\n  File \"C:\\Users\\henry\\AppData\\Roaming\\Python\\Python312\\site-packages\\pandas\\io\\parsers\\readers.py\", line 948, in read_csv\n    return _read(filepath_or_buffer, kwds)\n           ^^^^^^^^^^^^^^^^^^^^^^^^^^^^^^^\n  File \"C:\\Users\\henry\\AppData\\Roaming\\Python\\Python312\\site-packages\\pandas\\io\\parsers\\readers.py\", line 611, in _read\n    parser = TextFileReader(filepath_or_buffer, **kwds)\n             ^^^^^^^^^^^^^^^^^^^^^^^^^^^^^^^^^^^^^^^^^^\n  File \"C:\\Users\\henry\\AppData\\Roaming\\Python\\Python312\\site-packages\\pandas\\io\\parsers\\readers.py\", line 1448, in __init__\n    self._engine = self._make_engine(f, self.engine)\n                   ^^^^^^^^^^^^^^^^^^^^^^^^^^^^^^^^^\n  File \"C:\\Users\\henry\\AppData\\Roaming\\Python\\Python312\\site-packages\\pandas\\io\\parsers\\readers.py\", line 1705, in _make_engine\n    self.handles = get_handle(\n                   ^^^^^^^^^^^\n  File \"C:\\Users\\henry\\AppData\\Roaming\\Python\\Python312\\site-packages\\pandas\\io\\common.py\", line 863, in get_handle\n    handle = open(\n             ^^^^^\nFileNotFoundError: [Errno 2] No such file or directory: 'D:\\\\odibi\\\\examples\\\\data\\\\input.csv'",
          "duration": 0.002
        },
        {
          "attempt": 3,
          "success": false,
          "error": "[X] Node execution failed: source_csv\n  Location: D:\\odibi\\examples\\test_lineage_pipeline.yaml\n\n  Error: [Errno 2] No such file or directory: 'D:\\\\odibi\\\\examples\\\\data\\\\input.csv'\n  Type: FileNotFoundError",
          "error_type": "NodeExecutionError",
          "error_traceback": "Traceback (most recent call last):\n  File \"d:\\odibi\\odibi\\node.py\", line 236, in execute\n    input_dataframes = self._execute_inputs_phase(\n                       ^^^^^^^^^^^^^^^^^^^^^^^^^^^\n  File \"d:\\odibi\\odibi\\node.py\", line 708, in _execute_inputs_phase\n    df = self.engine.read(\n         ^^^^^^^^^^^^^^^^^\n  File \"d:\\odibi\\odibi\\engine\\pandas_engine.py\", line 636, in read\n    result = self._read_file(full_path, format, merged_options, connection)\n             ^^^^^^^^^^^^^^^^^^^^^^^^^^^^^^^^^^^^^^^^^^^^^^^^^^^^^^^^^^^^^^\n  File \"d:\\odibi\\odibi\\engine\\pandas_engine.py\", line 774, in _read_file\n    df = pd.read_csv(full_path, **read_kwargs)\n         ^^^^^^^^^^^^^^^^^^^^^^^^^^^^^^^^^^^^^\n  File \"C:\\Users\\henry\\AppData\\Roaming\\Python\\Python312\\site-packages\\pandas\\io\\parsers\\readers.py\", line 948, in read_csv\n    return _read(filepath_or_buffer, kwds)\n           ^^^^^^^^^^^^^^^^^^^^^^^^^^^^^^^\n  File \"C:\\Users\\henry\\AppData\\Roaming\\Python\\Python312\\site-packages\\pandas\\io\\parsers\\readers.py\", line 611, in _read\n    parser = TextFileReader(filepath_or_buffer, **kwds)\n             ^^^^^^^^^^^^^^^^^^^^^^^^^^^^^^^^^^^^^^^^^^\n  File \"C:\\Users\\henry\\AppData\\Roaming\\Python\\Python312\\site-packages\\pandas\\io\\parsers\\readers.py\", line 1448, in __init__\n    self._engine = self._make_engine(f, self.engine)\n                   ^^^^^^^^^^^^^^^^^^^^^^^^^^^^^^^^^\n  File \"C:\\Users\\henry\\AppData\\Roaming\\Python\\Python312\\site-packages\\pandas\\io\\parsers\\readers.py\", line 1705, in _make_engine\n    self.handles = get_handle(\n                   ^^^^^^^^^^^\n  File \"C:\\Users\\henry\\AppData\\Roaming\\Python\\Python312\\site-packages\\pandas\\io\\common.py\", line 863, in get_handle\n    handle = open(\n             ^^^^^\nFileNotFoundError: [Errno 2] No such file or directory: 'D:\\\\odibi\\\\examples\\\\data\\\\input.csv'",
          "duration": 0.003
        }
      ],
      "historical_avg_rows": null,
      "historical_avg_duration": null,
      "started_at": null,
      "completed_at": null,
      "executed_sql": [],
      "sql_hash": null,
      "transformation_stack": [],
      "config_snapshot": null,
      "data_diff": null,
      "environment": null,
      "source_files": [],
      "null_profile": null,
      "is_anomaly": false,
      "anomaly_reasons": [],
      "is_slow": false,
      "has_row_anomaly": false,
      "changed_from_last_success": false,
      "changes_detected": [],
      "previous_sql_hash": null,
      "previous_rows_out": null,
      "previous_duration": null,
      "previous_config_snapshot": null,
      "duration_history": null,
      "description": null,
      "runbook_url": null,
      "column_statistics": null
    }
  ],
  "project": "test_lineage_project",
  "plant": null,
  "asset": null,
  "business_unit": null,
  "theme": "default",
  "graph_data": {
    "nodes": [
      {
        "id": "source_csv",
        "label": "source_csv",
        "type": "transform",
        "status": "failed",
        "duration": 0.03950762748718262,
        "rows_out": null,
        "is_anomaly": false,
        "is_slow": false,
        "has_row_anomaly": false,
        "error_message": "[X] Node execution failed: source_csv\n  Location: D:\\odibi\\examples\\test_lineage_pipeline.yaml\n\n  Error: [Errno 2] No such file or directory: 'D:\\\\odibi\\\\examples\\\\data\\\\input.csv'\n  Type: FileNotFoundError",
        "validation_count": 0,
        "is_external": false,
        "source_pipeline": null,
        "dependencies": []
      }
    ],
    "edges": []
  },
  "change_summary": null,
  "compared_to_run_id": null,
  "git_info": {
    "commit": "2f90b4e",
    "branch": "main"
  }
}
